# JRE version: OpenJDK Runtime Environment Temurin-17.0.10+7 (17.0.10+7) (build 17.0.10+7)
# Java VM: OpenJDK 64-Bit Server VM Temurin-17.0.10+7 (17.0.10+7, mixed mode, tiered, compressed oops, compressed class ptrs, parallel gc, windows-amd64)
GC Precious Log:
 CPUs: 4 total, 4 available
 Memory: 16271M
 Large Page Support: Disabled
 NUMA Support: Disabled
 Compressed Oops: Enabled (32-bit)
 Alignments: Space 512K, Generation 512K, Heap 2M
 Heap Min Capacity: 100M
 Heap Initial Capacity: 100M
 Heap Max Capacity: 1G
 Pre-touch: Disabled
 Parallel Workers: 4
Heap:
 PSYoungGen      total 9216K, used 8675K [0x00000000eab00000, 0x00000000ee800000, 0x0000000100000000)
  eden space 512K, 0% used [0x00000000eab00000,0x00000000eab00000,0x00000000eab80000)
  from space 8704K, 99% used [0x00000000ec380000,0x00000000ecbf8fa8,0x00000000ecc00000)
  to   space 24576K, 0% used [0x00000000eab80000,0x00000000eab80000,0x00000000ec380000)
 ParOldGen       total 154112K, used 153903K [0x00000000c0000000, 0x00000000c9680000, 0x00000000eab00000)
  object space 154112K, 99% used [0x00000000c0000000,0x00000000c964bee0,0x00000000c9680000)
 Metaspace       used 79891K, committed 81344K, reserved 1179648K
  class space    used 8241K, committed 8832K, reserved 1048576K
GC Heap History (20 events):
Event: 62.179 GC heap after
{Heap after GC invocations=75 (full 6):
 PSYoungGen      total 23040K, used 8703K [0x00000000eab00000, 0x00000000ecd80000, 0x0000000100000000)
  eden space 14336K, 0% used [0x00000000eab00000,0x00000000eab00000,0x00000000eb900000)
  from space 8704K, 99% used [0x00000000eb900000,0x00000000ec17fe40,0x00000000ec180000)
  to   space 10240K, 0% used [0x00000000ec380000,0x00000000ec380000,0x00000000ecd80000)
 ParOldGen       total 151040K, used 131353K [0x00000000c0000000, 0x00000000c9380000, 0x00000000eab00000)
  object space 151040K, 86% used [0x00000000c0000000,0x00000000c8046500,0x00000000c9380000)
 Metaspace       used 78949K, committed 80384K, reserved 1179648K
  class space    used 8165K, committed 8768K, reserved 1048576K
}
Event: 62.430 GC heap before
{Heap before GC invocations=76 (full 6):
 PSYoungGen      total 23040K, used 23039K [0x00000000eab00000, 0x00000000ecd80000, 0x0000000100000000)
  eden space 14336K, 100% used [0x00000000eab00000,0x00000000eb900000,0x00000000eb900000)
  from space 8704K, 99% used [0x00000000eb900000,0x00000000ec17fe40,0x00000000ec180000)
  to   space 10240K, 0% used [0x00000000ec380000,0x00000000ec380000,0x00000000ecd80000)
 ParOldGen       total 151040K, used 131353K [0x00000000c0000000, 0x00000000c9380000, 0x00000000eab00000)
  object space 151040K, 86% used [0x00000000c0000000,0x00000000c8046500,0x00000000c9380000)
 Metaspace       used 79046K, committed 80512K, reserved 1179648K
  class space    used 8167K, committed 8768K, reserved 1048576K
}
Event: 62.436 GC heap after
{Heap after GC invocations=76 (full 6):
 PSYoungGen      total 22016K, used 6998K [0x00000000eab00000, 0x00000000eca80000, 0x0000000100000000)
  eden space 14848K, 0% used [0x00000000eab00000,0x00000000eab00000,0x00000000eb980000)
  from space 7168K, 97% used [0x00000000ec380000,0x00000000eca55bd0,0x00000000eca80000)
  to   space 8192K, 0% used [0x00000000eba80000,0x00000000eba80000,0x00000000ec280000)
 ParOldGen       total 151040K, used 131673K [0x00000000c0000000, 0x00000000c9380000, 0x00000000eab00000)
  object space 151040K, 87% used [0x00000000c0000000,0x00000000c8096500,0x00000000c9380000)
 Metaspace       used 79046K, committed 80512K, reserved 1179648K
  class space    used 8167K, committed 8768K, reserved 1048576K
}
Event: 62.811 GC heap before
{Heap before GC invocations=77 (full 6):
 PSYoungGen      total 22016K, used 21846K [0x00000000eab00000, 0x00000000eca80000, 0x0000000100000000)
  eden space 14848K, 100% used [0x00000000eab00000,0x00000000eb980000,0x00000000eb980000)
  from space 7168K, 97% used [0x00000000ec380000,0x00000000eca55bd0,0x00000000eca80000)
  to   space 8192K, 0% used [0x00000000eba80000,0x00000000eba80000,0x00000000ec280000)
 ParOldGen       total 151040K, used 131673K [0x00000000c0000000, 0x00000000c9380000, 0x00000000eab00000)
  object space 151040K, 87% used [0x00000000c0000000,0x00000000c8096500,0x00000000c9380000)
 Metaspace       used 79052K, committed 80512K, reserved 1179648K
  class space    used 8167K, committed 8768K, reserved 1048576K
}
Event: 62.817 GC heap after
{Heap after GC invocations=77 (full 6):
 PSYoungGen      total 23552K, used 8176K [0x00000000eab00000, 0x00000000ed100000, 0x0000000100000000)
  eden space 15360K, 0% used [0x00000000eab00000,0x00000000eab00000,0x00000000eba00000)
  from space 8192K, 99% used [0x00000000eba80000,0x00000000ec27c088,0x00000000ec280000)
  to   space 11776K, 0% used [0x00000000ec580000,0x00000000ec580000,0x00000000ed100000)
 ParOldGen       total 151040K, used 134137K [0x00000000c0000000, 0x00000000c9380000, 0x00000000eab00000)
  object space 151040K, 88% used [0x00000000c0000000,0x00000000c82fe5e0,0x00000000c9380000)
 Metaspace       used 79052K, committed 80512K, reserved 1179648K
  class space    used 8167K, committed 8768K, reserved 1048576K
}
Event: 66.311 GC heap before
{Heap before GC invocations=78 (full 6):
 PSYoungGen      total 23552K, used 23536K [0x00000000eab00000, 0x00000000ed100000, 0x0000000100000000)
  eden space 15360K, 100% used [0x00000000eab00000,0x00000000eba00000,0x00000000eba00000)
  from space 8192K, 99% used [0x00000000eba80000,0x00000000ec27c088,0x00000000ec280000)
  to   space 11776K, 0% used [0x00000000ec580000,0x00000000ec580000,0x00000000ed100000)
 ParOldGen       total 151040K, used 134137K [0x00000000c0000000, 0x00000000c9380000, 0x00000000eab00000)
  object space 151040K, 88% used [0x00000000c0000000,0x00000000c82fe5e0,0x00000000c9380000)
 Metaspace       used 79124K, committed 80576K, reserved 1179648K
  class space    used 8169K, committed 8768K, reserved 1048576K
}
Event: 66.316 GC heap after
{Heap after GC invocations=78 (full 6):
 PSYoungGen      total 26112K, used 9948K [0x00000000eab00000, 0x00000000ecf80000, 0x0000000100000000)
  eden space 15872K, 0% used [0x00000000eab00000,0x00000000eab00000,0x00000000eba80000)
  from space 10240K, 97% used [0x00000000ec580000,0x00000000ecf370f0,0x00000000ecf80000)
  to   space 10240K, 0% used [0x00000000ebb80000,0x00000000ebb80000,0x00000000ec580000)
 ParOldGen       total 151040K, used 135781K [0x00000000c0000000, 0x00000000c9380000, 0x00000000eab00000)
  object space 151040K, 89% used [0x00000000c0000000,0x00000000c8499460,0x00000000c9380000)
 Metaspace       used 79124K, committed 80576K, reserved 1179648K
  class space    used 8169K, committed 8768K, reserved 1048576K
}
Event: 72.643 GC heap before
{Heap before GC invocations=79 (full 6):
 PSYoungGen      total 26112K, used 25820K [0x00000000eab00000, 0x00000000ecf80000, 0x0000000100000000)
  eden space 15872K, 100% used [0x00000000eab00000,0x00000000eba80000,0x00000000eba80000)
  from space 10240K, 97% used [0x00000000ec580000,0x00000000ecf370f0,0x00000000ecf80000)
  to   space 10240K, 0% used [0x00000000ebb80000,0x00000000ebb80000,0x00000000ec580000)
 ParOldGen       total 151040K, used 135781K [0x00000000c0000000, 0x00000000c9380000, 0x00000000eab00000)
  object space 151040K, 89% used [0x00000000c0000000,0x00000000c8499460,0x00000000c9380000)
 Metaspace       used 79268K, committed 80704K, reserved 1179648K
  class space    used 8181K, committed 8768K, reserved 1048576K
}
Event: 72.650 GC heap after
{Heap after GC invocations=79 (full 6):
 PSYoungGen      total 26624K, used 10223K [0x00000000eab00000, 0x00000000ed100000, 0x0000000100000000)
  eden space 16384K, 0% used [0x00000000eab00000,0x00000000eab00000,0x00000000ebb00000)
  from space 10240K, 99% used [0x00000000ebb80000,0x00000000ec57bc10,0x00000000ec580000)
  to   space 11264K, 0% used [0x00000000ec600000,0x00000000ec600000,0x00000000ed100000)
 ParOldGen       total 151040K, used 136533K [0x00000000c0000000, 0x00000000c9380000, 0x00000000eab00000)
  object space 151040K, 90% used [0x00000000c0000000,0x00000000c8555460,0x00000000c9380000)
 Metaspace       used 79268K, committed 80704K, reserved 1179648K
  class space    used 8181K, committed 8768K, reserved 1048576K
}
Event: 72.740 GC heap before
{Heap before GC invocations=80 (full 6):
 PSYoungGen      total 26624K, used 26607K [0x00000000eab00000, 0x00000000ed100000, 0x0000000100000000)
  eden space 16384K, 100% used [0x00000000eab00000,0x00000000ebb00000,0x00000000ebb00000)
  from space 10240K, 99% used [0x00000000ebb80000,0x00000000ec57bc10,0x00000000ec580000)
  to   space 11264K, 0% used [0x00000000ec600000,0x00000000ec600000,0x00000000ed100000)
 ParOldGen       total 151040K, used 136533K [0x00000000c0000000, 0x00000000c9380000, 0x00000000eab00000)
  object space 151040K, 90% used [0x00000000c0000000,0x00000000c8555460,0x00000000c9380000)
 Metaspace       used 79306K, committed 80768K, reserved 1179648K
  class space    used 8181K, committed 8768K, reserved 1048576K
}
Event: 72.746 GC heap after
{Heap after GC invocations=80 (full 6):
 PSYoungGen      total 24576K, used 11251K [0x00000000eab00000, 0x00000000ed780000, 0x0000000100000000)
  eden space 13312K, 0% used [0x00000000eab00000,0x00000000eab00000,0x00000000eb800000)
  from space 11264K, 99% used [0x00000000ec600000,0x00000000ed0fce20,0x00000000ed100000)
  to   space 14336K, 0% used [0x00000000eb800000,0x00000000eb800000,0x00000000ec600000)
 ParOldGen       total 151040K, used 139004K [0x00000000c0000000, 0x00000000c9380000, 0x00000000eab00000)
  object space 151040K, 92% used [0x00000000c0000000,0x00000000c87bf1f0,0x00000000c9380000)
 Metaspace       used 79306K, committed 80768K, reserved 1179648K
  class space    used 8181K, committed 8768K, reserved 1048576K
}
Event: 72.945 GC heap before
{Heap before GC invocations=81 (full 6):
 PSYoungGen      total 24576K, used 24563K [0x00000000eab00000, 0x00000000ed780000, 0x0000000100000000)
  eden space 13312K, 100% used [0x00000000eab00000,0x00000000eb800000,0x00000000eb800000)
  from space 11264K, 99% used [0x00000000ec600000,0x00000000ed0fce20,0x00000000ed100000)
  to   space 14336K, 0% used [0x00000000eb800000,0x00000000eb800000,0x00000000ec600000)
 ParOldGen       total 151040K, used 139004K [0x00000000c0000000, 0x00000000c9380000, 0x00000000eab00000)
  object space 151040K, 92% used [0x00000000c0000000,0x00000000c87bf1f0,0x00000000c9380000)
 Metaspace       used 79354K, committed 80832K, reserved 1179648K
  class space    used 8182K, committed 8768K, reserved 1048576K
}
Event: 72.950 GC heap after
{Heap after GC invocations=81 (full 6):
 PSYoungGen      total 23552K, used 10175K [0x00000000eab00000, 0x00000000ecf80000, 0x0000000100000000)
  eden space 13312K, 0% used [0x00000000eab00000,0x00000000eab00000,0x00000000eb800000)
  from space 10240K, 99% used [0x00000000eb800000,0x00000000ec1efdf8,0x00000000ec200000)
  to   space 11776K, 0% used [0x00000000ec400000,0x00000000ec400000,0x00000000ecf80000)
 ParOldGen       total 151040K, used 140212K [0x00000000c0000000, 0x00000000c9380000, 0x00000000eab00000)
  object space 151040K, 92% used [0x00000000c0000000,0x00000000c88ed210,0x00000000c9380000)
 Metaspace       used 79354K, committed 80832K, reserved 1179648K
  class space    used 8182K, committed 8768K, reserved 1048576K
}
Event: 18131.452 GC heap before
{Heap before GC invocations=82 (full 6):
 PSYoungGen      total 23552K, used 23337K [0x00000000eab00000, 0x00000000ecf80000, 0x0000000100000000)
  eden space 13312K, 98% used [0x00000000eab00000,0x00000000eb7da958,0x00000000eb800000)
  from space 10240K, 99% used [0x00000000eb800000,0x00000000ec1efdf8,0x00000000ec200000)
  to   space 11776K, 0% used [0x00000000ec400000,0x00000000ec400000,0x00000000ecf80000)
 ParOldGen       total 151040K, used 140212K [0x00000000c0000000, 0x00000000c9380000, 0x00000000eab00000)
  object space 151040K, 92% used [0x00000000c0000000,0x00000000c88ed210,0x00000000c9380000)
 Metaspace       used 79704K, committed 81088K, reserved 1179648K
  class space    used 8214K, committed 8768K, reserved 1048576K
}
Event: 18131.466 GC heap after
{Heap after GC invocations=82 (full 6):
 PSYoungGen      total 23040K, used 9718K [0x00000000eab00000, 0x00000000ecd80000, 0x0000000100000000)
  eden space 13312K, 0% used [0x00000000eab00000,0x00000000eab00000,0x00000000eb800000)
  from space 9728K, 99% used [0x00000000ec400000,0x00000000ecd7d9d8,0x00000000ecd80000)
  to   space 10240K, 0% used [0x00000000eb980000,0x00000000eb980000,0x00000000ec380000)
 ParOldGen       total 151040K, used 140220K [0x00000000c0000000, 0x00000000c9380000, 0x00000000eab00000)
  object space 151040K, 92% used [0x00000000c0000000,0x00000000c88ef210,0x00000000c9380000)
 Metaspace       used 79704K, committed 81088K, reserved 1179648K
  class space    used 8214K, committed 8768K, reserved 1048576K
}
Event: 18131.673 GC heap before
{Heap before GC invocations=83 (full 6):
 PSYoungGen      total 23040K, used 23030K [0x00000000eab00000, 0x00000000ecd80000, 0x0000000100000000)
  eden space 13312K, 100% used [0x00000000eab00000,0x00000000eb800000,0x00000000eb800000)
  from space 9728K, 99% used [0x00000000ec400000,0x00000000ecd7d9d8,0x00000000ecd80000)
  to   space 10240K, 0% used [0x00000000eb980000,0x00000000eb980000,0x00000000ec380000)
 ParOldGen       total 151040K, used 140220K [0x00000000c0000000, 0x00000000c9380000, 0x00000000eab00000)
  object space 151040K, 92% used [0x00000000c0000000,0x00000000c88ef210,0x00000000c9380000)
 Metaspace       used 79859K, committed 81344K, reserved 1179648K
  class space    used 8238K, committed 8832K, reserved 1048576K
}
Event: 18131.677 GC heap after
{Heap after GC invocations=83 (full 6):
 PSYoungGen      total 23552K, used 9808K [0x00000000eab00000, 0x00000000ecc00000, 0x0000000100000000)
  eden space 13312K, 0% used [0x00000000eab00000,0x00000000eab00000,0x00000000eb800000)
  from space 10240K, 95% used [0x00000000eb980000,0x00000000ec3142d8,0x00000000ec380000)
  to   space 8704K, 0% used [0x00000000ec380000,0x00000000ec380000,0x00000000ecc00000)
 ParOldGen       total 151040K, used 140220K [0x00000000c0000000, 0x00000000c9380000, 0x00000000eab00000)
  object space 151040K, 92% used [0x00000000c0000000,0x00000000c88ef210,0x00000000c9380000)
 Metaspace       used 79859K, committed 81344K, reserved 1179648K
  class space    used 8238K, committed 8832K, reserved 1048576K
}
Event: 18131.753 GC heap before
{Heap before GC invocations=84 (full 6):
 PSYoungGen      total 23552K, used 23120K [0x00000000eab00000, 0x00000000ecc00000, 0x0000000100000000)
  eden space 13312K, 100% used [0x00000000eab00000,0x00000000eb800000,0x00000000eb800000)
  from space 10240K, 95% used [0x00000000eb980000,0x00000000ec3142d8,0x00000000ec380000)
  to   space 8704K, 0% used [0x00000000ec380000,0x00000000ec380000,0x00000000ecc00000)
 ParOldGen       total 151040K, used 140220K [0x00000000c0000000, 0x00000000c9380000, 0x00000000eab00000)
  object space 151040K, 92% used [0x00000000c0000000,0x00000000c88ef210,0x00000000c9380000)
 Metaspace       used 79891K, committed 81344K, reserved 1179648K
  class space    used 8241K, committed 8832K, reserved 1048576K
}
Event: 18131.763 GC heap after
{Heap after GC invocations=84 (full 6):
 PSYoungGen      total 9216K, used 8675K [0x00000000eab00000, 0x00000000ee800000, 0x0000000100000000)
  eden space 512K, 0% used [0x00000000eab00000,0x00000000eab00000,0x00000000eab80000)
  from space 8704K, 99% used [0x00000000ec380000,0x00000000ecbf8fa8,0x00000000ecc00000)
  to   space 24576K, 0% used [0x00000000eab80000,0x00000000eab80000,0x00000000ec380000)
 ParOldGen       total 154112K, used 153903K [0x00000000c0000000, 0x00000000c9680000, 0x00000000eab00000)
  object space 154112K, 99% used [0x00000000c0000000,0x00000000c964bee0,0x00000000c9680000)
 Metaspace       used 79891K, committed 81344K, reserved 1179648K
  class space    used 8241K, committed 8832K, reserved 1048576K
}
Event: 18131.763 GC heap before
{Heap before GC invocations=85 (full 7):
 PSYoungGen      total 9216K, used 8675K [0x00000000eab00000, 0x00000000ee800000, 0x0000000100000000)
  eden space 512K, 0% used [0x00000000eab00000,0x00000000eab00000,0x00000000eab80000)
  from space 8704K, 99% used [0x00000000ec380000,0x00000000ecbf8fa8,0x00000000ecc00000)
  to   space 24576K, 0% used [0x00000000eab80000,0x00000000eab80000,0x00000000ec380000)
 ParOldGen       total 154112K, used 153903K [0x00000000c0000000, 0x00000000c9680000, 0x00000000eab00000)
  object space 154112K, 99% used [0x00000000c0000000,0x00000000c964bee0,0x00000000c9680000)
 Metaspace       used 79891K, committed 81344K, reserved 1179648K
  class space    used 8241K, committed 8832K, reserved 1048576K
}

